#
# There is insufficient memory for the Java Runtime Environment to continue.
# Native memory allocation (malloc) failed to allocate 1676816 bytes for Chunk::new
# Possible reasons:
#   The system is out of physical RAM or swap space
#   In 32 bit mode, the process size limit was hit
# Possible solutions:
#   Reduce memory load on the system
#   Increase physical memory or swap space
#   Check if swap backing store is full
#   Use 64 bit Java on a 64 bit OS
#   Decrease Java heap size (-Xmx/-Xms)
#   Decrease number of Java threads
#   Decrease Java thread stack sizes (-Xss)
#   Set larger code cache with -XX:ReservedCodeCacheSize=
# This output file may be truncated or incomplete.
#
#  Out of Memory Error (allocation.cpp:390), pid=4972, tid=6516
#
# JRE version: Java(TM) SE Runtime Environment (8.0_25-b18) (build 1.8.0_25-b18)
# Java VM: Java HotSpot(TM) 64-Bit Server VM (25.25-b02 mixed mode windows-amd64 compressed oops)
# Failed to write core dump. Minidumps are not enabled by default on client versions of Windows
#

---------------  T H R E A D  ---------------

Current thread (0x000000000736f000):  JavaThread "C2 CompilerThread0" daemon [_thread_in_native, id=6516, stack(0x00000000088f0000,0x00000000089f0000)]

Stack: [0x00000000088f0000,0x00000000089f0000]
Native frames: (J=compiled Java code, j=interpreted, Vv=VM code, C=native code)
V  [jvm.dll+0x31667a]


Current CompileTask:
C2:  24309 2445   !   4       com.android.dx.cf.code.Ropper::processBlock (1101 bytes)


---------------  P R O C E S S  ---------------

Java Threads: ( => current thread )
  0x00000000075e2000 JavaThread "pool-2-thread-4" [_thread_blocked, id=6892, stack(0x000000000a1b0000,0x000000000a2b0000)]
  0x00000000075df000 JavaThread "pool-2-thread-3" [_thread_in_Java, id=7440, stack(0x0000000009fd0000,0x000000000a0d0000)]
  0x00000000095af000 JavaThread "pool-2-thread-2" [_thread_in_vm, id=7776, stack(0x0000000009ed0000,0x0000000009fd0000)]
  0x00000000076ac800 JavaThread "pool-3-thread-1" [_thread_blocked, id=7304, stack(0x0000000009bc0000,0x0000000009cc0000)]
  0x0000000007660800 JavaThread "pool-2-thread-1" [_thread_blocked, id=7428, stack(0x0000000009d70000,0x0000000009e70000)]
  0x0000000007403000 JavaThread "Service Thread" daemon [_thread_blocked, id=7616, stack(0x0000000009100000,0x0000000009200000)]
  0x0000000007383800 JavaThread "C1 CompilerThread3" daemon [_thread_blocked, id=7568, stack(0x0000000008db0000,0x0000000008eb0000)]
  0x000000000737f800 JavaThread "C2 CompilerThread2" daemon [_thread_in_native, id=7572, stack(0x0000000008f30000,0x0000000009030000)]
  0x0000000007378000 JavaThread "C2 CompilerThread1" daemon [_thread_in_native, id=7580, stack(0x0000000008c90000,0x0000000008d90000)]
=>0x000000000736f000 JavaThread "C2 CompilerThread0" daemon [_thread_in_native, id=6516, stack(0x00000000088f0000,0x00000000089f0000)]
  0x000000000736d800 JavaThread "Attach Listener" daemon [_thread_blocked, id=6260, stack(0x0000000008ad0000,0x0000000008bd0000)]
  0x000000000736c800 JavaThread "Signal Dispatcher" daemon [_thread_blocked, id=7732, stack(0x00000000087e0000,0x00000000088e0000)]
  0x00000000061a5800 JavaThread "Finalizer" daemon [_thread_blocked, id=7416, stack(0x00000000086c0000,0x00000000087c0000)]
  0x0000000001f8f000 JavaThread "Reference Handler" daemon [_thread_blocked, id=7204, stack(0x00000000084d0000,0x00000000085d0000)]
  0x000000000030e000 JavaThread "main" [_thread_in_vm, id=7496, stack(0x0000000002140000,0x0000000002240000)]

Other Threads:
  0x0000000001f8c000 VMThread [stack: 0x0000000008350000,0x0000000008450000] [id=5932]
  0x0000000007408000 WatcherThread [stack: 0x0000000009290000,0x0000000009390000] [id=7628]

VM state:synchronizing (normal execution)

VM Mutex/Monitor currently owned by a thread:  ([mutex/lock_event])
[0x000000000030c1b0] Safepoint_lock - owner thread: 0x0000000001f8c000
[0x000000000030c230] Threads_lock - owner thread: 0x0000000001f8c000

Heap:
 PSYoungGen      total 146944K, used 83493K [0x00000000eab00000, 0x00000000fe000000, 0x0000000100000000)
  eden space 129024K, 58% used [0x00000000eab00000,0x00000000ef4a7300,0x00000000f2900000)
  from space 17920K, 45% used [0x00000000f2900000,0x00000000f30e2450,0x00000000f3a80000)
  to   space 29184K, 0% used [0x00000000fc380000,0x00000000fc380000,0x00000000fe000000)
 ParOldGen       total 86016K, used 43924K [0x00000000c0000000, 0x00000000c5400000, 0x00000000eab00000)
  object space 86016K, 51% used [0x00000000c0000000,0x00000000c2ae5200,0x00000000c5400000)
 Metaspace       used 6457K, capacity 7256K, committed 7424K, reserved 1056768K
  class space    used 613K, capacity 656K, committed 768K, reserved 1048576K

Card table byte_map: [0x00000000028d0000,0x0000000002ae0000] byte_map_base: 0x00000000022d0000

Marking Bits: (ParMarkBitMap*) 0x000000006a5ad490
 Begin Bits: [0x00000000035c0000, 0x00000000045c0000)
 End Bits:   [0x00000000045c0000, 0x00000000055c0000)

Polling page: 0x0000000000330000

CodeCache: size=245760Kb used=9407Kb max_used=9415Kb free=236352Kb
 bounds [0x000000000f010000, 0x000000000f950000, 0x000000001e010000]
 total_blobs=2458 nmethods=2194 adapters=178
 compilation: enabled

Compilation events (10 events):
Event: 23.946 Thread 0x0000000007378000 nmethod 2449 0x000000000f948bd0 code [0x000000000f948de0, 0x000000000f94a208]
Event: 23.946 Thread 0x0000000007378000 2455       4       com.android.dx.ssa.SsaMethod::forEachBlockDepthFirstDom (128 bytes)
Event: 23.963 Thread 0x0000000007383800 2457       2       java.util.HashMap::comparableClassFor (105 bytes)
Event: 23.965 Thread 0x0000000007383800 nmethod 2457 0x000000000f90ba90 code [0x000000000f90bc40, 0x000000000f90c088]
Event: 24.057 Thread 0x0000000007378000 nmethod 2455 0x000000000f94b790 code [0x000000000f94b9a0, 0x000000000f94c7b8]
Event: 24.057 Thread 0x0000000007378000 2459       4       com.android.dx.ssa.SsaConverter::edgeSplitSuccessors (98 bytes)
Event: 24.176 Thread 0x0000000007383800 2465       2       com.android.dx.rop.code.Rops::opConv (231 bytes)
Event: 24.181 Thread 0x0000000007383800 nmethod 2465 0x000000000f925b50 code [0x000000000f925dc0, 0x000000000f926858]
Event: 24.258 Thread 0x0000000007383800 2467       1       com.android.dx.ssa.LiteralOpUpgrader$1::visitPhiInsn (1 bytes)
Event: 24.258 Thread 0x0000000007383800 nmethod 2467 0x000000000f925890 code [0x000000000f9259e0, 0x000000000f925af0]

GC Heap History (10 events):
Event: 6.203 GC heap before
{Heap before GC invocations=4 (full 0):
 PSYoungGen      total 35328K, used 35314K [0x00000000eab00000, 0x00000000ef000000, 0x0000000100000000)
  eden space 32768K, 100% used [0x00000000eab00000,0x00000000ecb00000,0x00000000ecb00000)
  from space 2560K, 99% used [0x00000000ecb00000,0x00000000ecd7c860,0x00000000ecd80000)
  to   space 2560K, 0% used [0x00000000eed80000,0x00000000eed80000,0x00000000ef000000)
 ParOldGen       total 44032K, used 7432K [0x00000000c0000000, 0x00000000c2b00000, 0x00000000eab00000)
  object space 44032K, 16% used [0x00000000c0000000,0x00000000c07420c0,0x00000000c2b00000)
 Metaspace       used 6150K, capacity 7088K, committed 7296K, reserved 1056768K
  class space    used 592K, capacity 616K, committed 640K, reserved 1048576K
Event: 6.293 GC heap after
Heap after GC invocations=4 (full 0):
 PSYoungGen      total 68096K, used 2557K [0x00000000eab00000, 0x00000000ef000000, 0x0000000100000000)
  eden space 65536K, 0% used [0x00000000eab00000,0x00000000eab00000,0x00000000eeb00000)
  from space 2560K, 99% used [0x00000000eed80000,0x00000000eefff480,0x00000000ef000000)
  to   space 2560K, 0% used [0x00000000eeb00000,0x00000000eeb00000,0x00000000eed80000)
 ParOldGen       total 44032K, used 13709K [0x00000000c0000000, 0x00000000c2b00000, 0x00000000eab00000)
  object space 44032K, 31% used [0x00000000c0000000,0x00000000c0d63760,0x00000000c2b00000)
 Metaspace       used 6150K, capacity 7088K, committed 7296K, reserved 1056768K
  class space    used 592K, capacity 616K, committed 640K, reserved 1048576K
}
Event: 7.216 GC heap before
{Heap before GC invocations=5 (full 0):
 PSYoungGen      total 68096K, used 68093K [0x00000000eab00000, 0x00000000ef000000, 0x0000000100000000)
  eden space 65536K, 100% used [0x00000000eab00000,0x00000000eeb00000,0x00000000eeb00000)
  from space 2560K, 99% used [0x00000000eed80000,0x00000000eefff480,0x00000000ef000000)
  to   space 2560K, 0% used [0x00000000eeb00000,0x00000000eeb00000,0x00000000eed80000)
 ParOldGen       total 44032K, used 13709K [0x00000000c0000000, 0x00000000c2b00000, 0x00000000eab00000)
  object space 44032K, 31% used [0x00000000c0000000,0x00000000c0d63760,0x00000000c2b00000)
 Metaspace       used 6224K, capacity 7152K, committed 7296K, reserved 1056768K
  class space    used 592K, capacity 616K, committed 640K, reserved 1048576K
Event: 7.274 GC heap after
Heap after GC invocations=5 (full 0):
 PSYoungGen      total 68096K, used 2533K [0x00000000eab00000, 0x00000000f4a00000, 0x0000000100000000)
  eden space 65536K, 0% used [0x00000000eab00000,0x00000000eab00000,0x00000000eeb00000)
  from space 2560K, 98% used [0x00000000eeb00000,0x00000000eed794b0,0x00000000eed80000)
  to   space 15872K, 0% used [0x00000000f3a80000,0x00000000f3a80000,0x00000000f4a00000)
 ParOldGen       total 44032K, used 24192K [0x00000000c0000000, 0x00000000c2b00000, 0x00000000eab00000)
  object space 44032K, 54% used [0x00000000c0000000,0x00000000c17a0068,0x00000000c2b00000)
 Metaspace       used 6224K, capacity 7152K, committed 7296K, reserved 1056768K
  class space    used 592K, capacity 616K, committed 640K, reserved 1048576K
}
Event: 10.676 GC heap before
{Heap before GC invocations=6 (full 0):
 PSYoungGen      total 68096K, used 68069K [0x00000000eab00000, 0x00000000f4a00000, 0x0000000100000000)
  eden space 65536K, 100% used [0x00000000eab00000,0x00000000eeb00000,0x00000000eeb00000)
  from space 2560K, 98% used [0x00000000eeb00000,0x00000000eed794b0,0x00000000eed80000)
  to   space 15872K, 0% used [0x00000000f3a80000,0x00000000f3a80000,0x00000000f4a00000)
 ParOldGen       total 44032K, used 24192K [0x00000000c0000000, 0x00000000c2b00000, 0x00000000eab00000)
  object space 44032K, 54% used [0x00000000c0000000,0x00000000c17a0068,0x00000000c2b00000)
 Metaspace       used 6320K, capacity 7216K, committed 7296K, reserved 1056768K
  class space    used 592K, capacity 616K, committed 640K, reserved 1048576K
Event: 11.023 GC heap after
Heap after GC invocations=6 (full 0):
 PSYoungGen      total 144896K, used 13666K [0x00000000eab00000, 0x00000000f4e00000, 0x0000000100000000)
  eden space 129024K, 0% used [0x00000000eab00000,0x00000000eab00000,0x00000000f2900000)
  from space 15872K, 86% used [0x00000000f3a80000,0x00000000f47d8860,0x00000000f4a00000)
  to   space 17920K, 0% used [0x00000000f2900000,0x00000000f2900000,0x00000000f3a80000)
 ParOldGen       total 44032K, used 24192K [0x00000000c0000000, 0x00000000c2b00000, 0x00000000eab00000)
  object space 44032K, 54% used [0x00000000c0000000,0x00000000c17a0068,0x00000000c2b00000)
 Metaspace       used 6320K, capacity 7216K, committed 7296K, reserved 1056768K
  class space    used 592K, capacity 616K, committed 640K, reserved 1048576K
}
Event: 15.042 GC heap before
{Heap before GC invocations=7 (full 0):
 PSYoungGen      total 144896K, used 142690K [0x00000000eab00000, 0x00000000f4e00000, 0x0000000100000000)
  eden space 129024K, 100% used [0x00000000eab00000,0x00000000f2900000,0x00000000f2900000)
  from space 15872K, 86% used [0x00000000f3a80000,0x00000000f47d8860,0x00000000f4a00000)
  to   space 17920K, 0% used [0x00000000f2900000,0x00000000f2900000,0x00000000f3a80000)
 ParOldGen       total 44032K, used 24192K [0x00000000c0000000, 0x00000000c2b00000, 0x00000000eab00000)
  object space 44032K, 54% used [0x00000000c0000000,0x00000000c17a0068,0x00000000c2b00000)
 Metaspace       used 6449K, capacity 7256K, committed 7424K, reserved 1056768K
  class space    used 613K, capacity 656K, committed 768K, reserved 1048576K
Event: 17.231 GC heap after
Heap after GC invocations=7 (full 0):
 PSYoungGen      total 146944K, used 17888K [0x00000000eab00000, 0x00000000fe000000, 0x0000000100000000)
  eden space 129024K, 0% used [0x00000000eab00000,0x00000000eab00000,0x00000000f2900000)
  from space 17920K, 99% used [0x00000000f2900000,0x00000000f3a78320,0x00000000f3a80000)
  to   space 29184K, 0% used [0x00000000fc380000,0x00000000fc380000,0x00000000fe000000)
 ParOldGen       total 44032K, used 39120K [0x00000000c0000000, 0x00000000c2b00000, 0x00000000eab00000)
  object space 44032K, 88% used [0x00000000c0000000,0x00000000c2634238,0x00000000c2b00000)
 Metaspace       used 6449K, capacity 7256K, committed 7424K, reserved 1056768K
  class space    used 613K, capacity 656K, committed 768K, reserved 1048576K
}
Event: 17.231 GC heap before
{Heap before GC invocations=8 (full 1):
 PSYoungGen      total 146944K, used 17888K [0x00000000eab00000, 0x00000000fe000000, 0x0000000100000000)
  eden space 129024K, 0% used [0x00000000eab00000,0x00000000eab00000,0x00000000f2900000)
  from space 17920K, 99% used [0x00000000f2900000,0x00000000f3a78320,0x00000000f3a80000)
  to   space 29184K, 0% used [0x00000000fc380000,0x00000000fc380000,0x00000000fe000000)
 ParOldGen       total 44032K, used 39120K [0x00000000c0000000, 0x00000000c2b00000, 0x00000000eab00000)
  object space 44032K, 88% used [0x00000000c0000000,0x00000000c2634238,0x00000000c2b00000)
 Metaspace       used 6449K, capacity 7256K, committed 7424K, reserved 1056768K
  class space    used 613K, capacity 656K, committed 768K, reserved 1048576K
Event: 22.268 GC heap after
Heap after GC invocations=8 (full 1):
 PSYoungGen      total 146944K, used 8073K [0x00000000eab00000, 0x00000000fe000000, 0x0000000100000000)
  eden space 129024K, 0% used [0x00000000eab00000,0x00000000eab00000,0x00000000f2900000)
  from space 17920K, 45% used [0x00000000f2900000,0x00000000f30e2450,0x00000000f3a80000)
  to   space 29184K, 0% used [0x00000000fc380000,0x00000000fc380000,0x00000000fe000000)
 ParOldGen       total 86016K, used 43924K [0x00000000c0000000, 0x00000000c5400000, 0x00000000eab00000)
  object space 86016K, 51% used [0x00000000c0000000,0x00000000c2ae5200,0x00000000c5400000)
 Metaspace       used 6449K, capacity 7256K, committed 7424K, reserved 1056768K
  class space    used 613K, capacity 656K, committed 768K, reserved 1048576K
}

Deoptimization events (10 events):
Event: 11.652 Thread 0x00000000075df000 Uncommon trap: reason=unreached action=reinterpret pc=0x000000000f5206f0 method=com.android.dx.ssa.MoveParamCombiner$1.visitNonMoveInsn(Lcom/android/dx/ssa/NormalSsaInsn;)V @ 27
Event: 11.776 Thread 0x00000000075df000 Uncommon trap: reason=bimorphic action=maybe_recompile pc=0x000000000f747d7c method=com.android.dx.ssa.LiteralOpUpgrader.tryReplacingWithConstant(Lcom/android/dx/ssa/NormalSsaInsn;)Z @ 62
Event: 11.802 Thread 0x00000000075df000 Uncommon trap: reason=bimorphic action=maybe_recompile pc=0x000000000f747d7c method=com.android.dx.ssa.LiteralOpUpgrader.tryReplacingWithConstant(Lcom/android/dx/ssa/NormalSsaInsn;)Z @ 62
Event: 12.250 Thread 0x0000000007660800 Uncommon trap: reason=unreached action=reinterpret pc=0x000000000f31749c method=java.util.HashMap.putVal(ILjava/lang/Object;Ljava/lang/Object;ZZ)Ljava/lang/Object; @ 109
Event: 22.568 Thread 0x00000000075e2000 Uncommon trap: reason=unreached action=reinterpret pc=0x000000000f7e99ac method=java.util.HashMap.putVal(ILjava/lang/Object;Ljava/lang/Object;ZZ)Ljava/lang/Object; @ 109
Event: 23.540 Thread 0x00000000075e2000 Uncommon trap: reason=bimorphic action=maybe_recompile pc=0x000000000f8be844 method=com.android.dx.cf.code.BytecodeArray.parseInstruction(ILcom/android/dx/cf/code/BytecodeArray$Visitor;)I @ 1035
Event: 23.540 Thread 0x00000000075e2000 Uncommon trap: reason=bimorphic action=maybe_recompile pc=0x000000000f8be62c method=com.android.dx.cf.code.BytecodeArray.parseInstruction(ILcom/android/dx/cf/code/BytecodeArray$Visitor;)I @ 971
Event: 23.540 Thread 0x00000000075e2000 Uncommon trap: reason=bimorphic action=maybe_recompile pc=0x000000000f8be6b8 method=com.android.dx.cf.code.BytecodeArray.parseInstruction(ILcom/android/dx/cf/code/BytecodeArray$Visitor;)I @ 987
Event: 23.541 Thread 0x00000000075e2000 Uncommon trap: reason=bimorphic action=maybe_recompile pc=0x000000000f8be8c8 method=com.android.dx.cf.code.BytecodeArray.parseInstruction(ILcom/android/dx/cf/code/BytecodeArray$Visitor;)I @ 1051
Event: 23.541 Thread 0x00000000075e2000 Uncommon trap: reason=bimorphic action=maybe_recompile pc=0x000000000f8be844 method=com.android.dx.cf.code.BytecodeArray.parseInstruction(ILcom/android/dx/cf/code/BytecodeArray$Visitor;)I @ 1035

Internal exceptions (10 events):
Event: 3.627 Thread 0x00000000075e2000 Implicit null exception at 0x000000000f4264d2 to 0x000000000f4265d1
Event: 5.511 Thread 0x00000000095af000 Exception <a 'java/security/PrivilegedActionException'> (0x00000000ec1ccc28) thrown at [D:\re\workspace\8-2-build-windows-amd64-cygwin\jdk8u25\1677\hotspot\src\share\vm\prims\jvm.cpp, line 1312]
Event: 5.967 Thread 0x000000000030e000 Exception <a 'java/security/PrivilegedActionException'> (0x00000000eb364880) thrown at [D:\re\workspace\8-2-build-windows-amd64-cygwin\jdk8u25\1677\hotspot\src\share\vm\prims\jvm.cpp, line 1312]
Event: 6.038 Thread 0x00000000075e2000 Exception <a 'java/security/PrivilegedActionException'> (0x00000000ebb71108) thrown at [D:\re\workspace\8-2-build-windows-amd64-cygwin\jdk8u25\1677\hotspot\src\share\vm\prims\jvm.cpp, line 1312]
Event: 9.683 Thread 0x00000000095af000 Exception <a 'java/security/PrivilegedActionException'> (0x00000000ec963168) thrown at [D:\re\workspace\8-2-build-windows-amd64-cygwin\jdk8u25\1677\hotspot\src\share\vm\prims\jvm.cpp, line 1312]
Event: 10.626 Thread 0x0000000007660800 Implicit null exception at 0x000000000f549083 to 0x000000000f54a751
Event: 11.509 Thread 0x00000000075e2000 Exception <a 'java/lang/ArrayIndexOutOfBoundsException': 18> (0x00000000edd32760) thrown at [D:\re\workspace\8-2-build-windows-amd64-cygwin\jdk8u25\1677\hotspot\src\share\vm\interpreter\interpreterRuntime.cpp, line 366]
Event: 11.510 Thread 0x00000000075e2000 Exception <a 'java/lang/ArrayIndexOutOfBoundsException': 145> (0x00000000edd341f8) thrown at [D:\re\workspace\8-2-build-windows-amd64-cygwin\jdk8u25\1677\hotspot\src\share\vm\interpreter\interpreterRuntime.cpp, line 366]
Event: 11.512 Thread 0x00000000075e2000 Exception <a 'java/lang/ArrayIndexOutOfBoundsException': 40> (0x00000000edd35410) thrown at [D:\re\workspace\8-2-build-windows-amd64-cygwin\jdk8u25\1677\hotspot\src\share\vm\interpreter\interpreterRuntime.cpp, line 366]
Event: 15.038 Thread 0x000000000030e000 Exception <a 'java/security/PrivilegedActionException'> (0x00000000f25f28c8) thrown at [D:\re\workspace\8-2-build-windows-amd64-cygwin\jdk8u25\1677\hotspot\src\share\vm\prims\jvm.cpp, line 1312]

Events (10 events):
Event: 23.541 Thread 0x00000000075e2000 DEOPT UNPACKING pc=0x000000000f05556a sp=0x000000000a2ae6f8 mode 2
Event: 23.541 Thread 0x00000000075e2000 Uncommon trap: trap_request=0xffffffc6 fr.pc=0x000000000f8be844
Event: 23.541 Thread 0x00000000075e2000 DEOPT PACKING pc=0x000000000f8be844 sp=0x000000000a2ae580
Event: 23.541 Thread 0x00000000075e2000 DEOPT UNPACKING pc=0x000000000f05556a sp=0x000000000a2ae548 mode 2
Event: 23.653 Thread 0x00000000075df000 DEOPT PACKING pc=0x000000000f43f17c sp=0x000000000a0ce9c0
Event: 23.653 Thread 0x00000000075df000 DEOPT UNPACKING pc=0x000000000f0571bf sp=0x000000000a0ce7a8 mode 0
Event: 23.698 Thread 0x0000000007660800 DEOPT PACKING pc=0x000000000f3dc4a0 sp=0x0000000009e6e720
Event: 23.698 Thread 0x0000000007660800 DEOPT UNPACKING pc=0x000000000f0571bf sp=0x0000000009e6e478 mode 0
Event: 24.088 Thread 0x00000000076ac800 DEOPT PACKING pc=0x000000000f3dc4a0 sp=0x0000000009cbf110
Event: 24.088 Thread 0x00000000076ac800 DEOPT UNPACKING pc=0x000000000f0571bf sp=0x0000000009cbee68 mode 0


Dynamic libraries:
0x000000013fa70000 - 0x000000013faa4000 	C:\Program Files\Java\jdk1.8.0_25\bin\java.exe
0x0000000076d70000 - 0x0000000076f19000 	C:\Windows\SYSTEM32\ntdll.dll
0x0000000076b50000 - 0x0000000076c6f000 	C:\Windows\system32\kernel32.dll
0x000007fefcb40000 - 0x000007fefcbac000 	C:\Windows\system32\KERNELBASE.dll
0x000007fefd4d0000 - 0x000007fefd5ab000 	C:\Windows\system32\ADVAPI32.dll
0x000007fefd400000 - 0x000007fefd49f000 	C:\Windows\system32\msvcrt.dll
0x000007fefda40000 - 0x000007fefda5f000 	C:\Windows\SYSTEM32\sechost.dll
0x000007fefd900000 - 0x000007fefda2d000 	C:\Windows\system32\RPCRT4.dll
0x0000000076c70000 - 0x0000000076d6a000 	C:\Windows\system32\USER32.dll
0x000007fefed70000 - 0x000007fefedd7000 	C:\Windows\system32\GDI32.dll
0x000007fefd790000 - 0x000007fefd79e000 	C:\Windows\system32\LPK.dll
0x000007fefddb0000 - 0x000007fefde7a000 	C:\Windows\system32\USP10.dll
0x000007fefaa20000 - 0x000007fefac14000 	C:\Windows\WinSxS\amd64_microsoft.windows.common-controls_6595b64144ccf1df_6.0.7601.18837_none_fa3b1e3d17594757\COMCTL32.dll
0x000007fefecf0000 - 0x000007fefed61000 	C:\Windows\system32\SHLWAPI.dll
0x000007fefd4a0000 - 0x000007fefd4ce000 	C:\Windows\system32\IMM32.DLL
0x000007fefede0000 - 0x000007fefeee9000 	C:\Windows\system32\MSCTF.dll
0x000007fefc9c0000 - 0x000007fefca72000 	C:\Windows\system32\Scdetour.dll
0x000000000f000000 - 0x000000000f006000 	C:\Windows\system32\detoured.dll
0x0000000076f30000 - 0x0000000076f37000 	C:\Windows\system32\PSAPI.DLL
0x0000000069640000 - 0x0000000069712000 	C:\Program Files\Java\jdk1.8.0_25\jre\bin\msvcr100.dll
0x0000000069dd0000 - 0x000000006a62a000 	C:\Program Files\Java\jdk1.8.0_25\jre\bin\server\jvm.dll
0x000007fef9400000 - 0x000007fef9409000 	C:\Windows\system32\WSOCK32.dll
0x000007fefd1a0000 - 0x000007fefd1ed000 	C:\Windows\system32\WS2_32.dll
0x000007fefda30000 - 0x000007fefda38000 	C:\Windows\system32\NSI.dll
0x000007fefa2c0000 - 0x000007fefa2fb000 	C:\Windows\system32\WINMM.dll
0x0000000072610000 - 0x000000007261f000 	C:\Program Files\Java\jdk1.8.0_25\jre\bin\verify.dll
0x0000000069cc0000 - 0x0000000069ce8000 	C:\Program Files\Java\jdk1.8.0_25\jre\bin\java.dll
0x0000000069ca0000 - 0x0000000069cb6000 	C:\Program Files\Java\jdk1.8.0_25\jre\bin\zip.dll
0x000007fefdf60000 - 0x000007fefece9000 	C:\Windows\system32\SHELL32.dll
0x000007fefd1f0000 - 0x000007fefd3f3000 	C:\Windows\system32\ole32.dll
0x000007fefcb20000 - 0x000007fefcb2f000 	C:\Windows\system32\profapi.dll

VM Arguments:
jvm_args: -Djava.awt.headless=true -Xmx1024M -Dfile.encoding=windows-1252 -Duser.country=US -Duser.language=en -Duser.variant 
java_command: com.android.dx.command.Main --dex --force-jumbo --num-threads=4 --multi-dex --output C:\Users\Sumit\AndroidStudioProjects\Apple\app\build\intermediates\transforms\dex\debug\folders\1000\10\com.android.support-support-v4-23.2.1_be282708db7ee57ca92707d54345618cdde7ab9a C:\Users\Sumit\AndroidStudioProjects\Apple\app\build\intermediates\exploded-aar\com.android.support\support-v4\23.2.1\jars\classes.jar
java_class_path (initial): C:\Users\Sumit\AppData\Local\Android\sdk1\build-tools\23.0.2\lib\dx.jar
Launcher Type: SUN_STANDARD

Environment Variables:
JAVA_HOME=C:\Program Files\Java\jdk1.8.0_25
PATH=C:\ProgramData\Oracle\Java\javapath;C:\Windows\system32;C:\Windows;C:\Windows\System32\Wbem;C:\Windows\System32\WindowsPowerShell\v1.0\;C:\Program Files\Intel\WiFi\bin\;C:\Program Files\Common Files\Intel\WirelessCommon\;C:\Program Files (x86)\Common Files\lenovo\easyplussdk\bin
USERNAME=Sumit
OS=Windows_NT
PROCESSOR_IDENTIFIER=Intel64 Family 6 Model 30 Stepping 5, GenuineIntel



---------------  S Y S T E M  ---------------

OS: Windows 7 , 64 bit Build 7601 Service Pack 1

CPU:total 8 (4 cores per cpu, 2 threads per core) family 6 model 30 stepping 5, cmov, cx8, fxsr, mmx, sse, sse2, sse3, ssse3, sse4.1, sse4.2, popcnt, ht, tsc, tscinvbit

Memory: 4k page, physical 4127280k(583344k free), swap 5915684k(4948k free)

vm_info: Java HotSpot(TM) 64-Bit Server VM (25.25-b02) for windows-amd64 JRE (1.8.0_25-b18), built on Oct  7 2014 14:25:37 by "java_re" with MS VC++ 10.0 (VS2010)

time: Sun Jun 12 13:57:07 2016
elapsed time: 24 seconds (0d 0h 0m 24s)

