#
# There is insufficient memory for the Java Runtime Environment to continue.
# Native memory allocation (malloc) failed to allocate 410896 bytes for Chunk::new
# Possible reasons:
#   The system is out of physical RAM or swap space
#   In 32 bit mode, the process size limit was hit
# Possible solutions:
#   Reduce memory load on the system
#   Increase physical memory or swap space
#   Check if swap backing store is full
#   Use 64 bit Java on a 64 bit OS
#   Decrease Java heap size (-Xmx/-Xms)
#   Decrease number of Java threads
#   Decrease Java thread stack sizes (-Xss)
#   Set larger code cache with -XX:ReservedCodeCacheSize=
# This output file may be truncated or incomplete.
#
#  Out of Memory Error (allocation.cpp:390), pid=5248, tid=6036
#
# JRE version: Java(TM) SE Runtime Environment (8.0_25-b18) (build 1.8.0_25-b18)
# Java VM: Java HotSpot(TM) 64-Bit Server VM (25.25-b02 mixed mode windows-amd64 compressed oops)
# Failed to write core dump. Minidumps are not enabled by default on client versions of Windows
#

---------------  T H R E A D  ---------------

Current thread (0x0000000007785800):  JavaThread "C2 CompilerThread1" daemon [_thread_in_native, id=6036, stack(0x00000000092b0000,0x00000000093b0000)]

Stack: [0x00000000092b0000,0x00000000093b0000]
Native frames: (J=compiled Java code, j=interpreted, Vv=VM code, C=native code)
V  [jvm.dll+0x31667a]


Current CompileTask:
C2:  16348 2019       4       com.android.dx.ssa.SCCP::replaceConstants (209 bytes)


---------------  P R O C E S S  ---------------

Java Threads: ( => current thread )
  0x00000000097a9000 JavaThread "pool-3-thread-1" [_thread_blocked, id=6052, stack(0x0000000009fe0000,0x000000000a0e0000)]
  0x00000000077ea000 JavaThread "Service Thread" daemon [_thread_blocked, id=5292, stack(0x0000000008a20000,0x0000000008b20000)]
  0x00000000077e1000 JavaThread "C1 CompilerThread3" daemon [_thread_blocked, id=4492, stack(0x0000000009590000,0x0000000009690000)]
  0x00000000077de800 JavaThread "C2 CompilerThread2" daemon [_thread_in_native, id=6600, stack(0x0000000009400000,0x0000000009500000)]
=>0x0000000007785800 JavaThread "C2 CompilerThread1" daemon [_thread_in_native, id=6036, stack(0x00000000092b0000,0x00000000093b0000)]
  0x000000000777e800 JavaThread "C2 CompilerThread0" daemon [_thread_in_native, id=8164, stack(0x0000000009110000,0x0000000009210000)]
  0x000000000777d000 JavaThread "Attach Listener" daemon [_thread_blocked, id=8084, stack(0x0000000008f30000,0x0000000009030000)]
  0x000000000777c800 JavaThread "Signal Dispatcher" daemon [_thread_blocked, id=2460, stack(0x0000000008d60000,0x0000000008e60000)]
  0x00000000065b5000 JavaThread "Finalizer" daemon [_thread_blocked, id=8116, stack(0x0000000008b90000,0x0000000008c90000)]
  0x00000000065b4000 JavaThread "Reference Handler" daemon [_thread_blocked, id=8088, stack(0x0000000008920000,0x0000000008a20000)]
  0x000000000202e000 JavaThread "main" [_thread_blocked, id=8148, stack(0x00000000020b0000,0x00000000021b0000)]

Other Threads:
  0x00000000065af800 VMThread [stack: 0x00000000086d0000,0x00000000087d0000] [id=8128]
  0x00000000077eb000 WatcherThread [stack: 0x0000000008810000,0x0000000008910000] [id=8124]

VM state:not at safepoint (normal execution)

VM Mutex/Monitor currently owned by a thread: None

Heap:
 PSYoungGen      total 68096K, used 28970K [0x00000000eab00000, 0x00000000ef000000, 0x0000000100000000)
  eden space 65536K, 40% used [0x00000000eab00000,0x00000000ec4cc4b8,0x00000000eeb00000)
  from space 2560K, 99% used [0x00000000eed80000,0x00000000eeffe410,0x00000000ef000000)
  to   space 2560K, 0% used [0x00000000eeb00000,0x00000000eeb00000,0x00000000eed80000)
 ParOldGen       total 44032K, used 13664K [0x00000000c0000000, 0x00000000c2b00000, 0x00000000eab00000)
  object space 44032K, 31% used [0x00000000c0000000,0x00000000c0d58258,0x00000000c2b00000)
 Metaspace       used 6234K, capacity 7088K, committed 7296K, reserved 1056768K
  class space    used 593K, capacity 616K, committed 640K, reserved 1048576K

Card table byte_map: [0x0000000002920000,0x0000000002b30000] byte_map_base: 0x0000000002320000

Marking Bits: (ParMarkBitMap*) 0x000000006a5ad490
 Begin Bits: [0x00000000039d0000, 0x00000000049d0000)
 End Bits:   [0x00000000049d0000, 0x00000000059d0000)

Polling page: 0x0000000000220000

CodeCache: size=245760Kb used=8014Kb max_used=8023Kb free=237745Kb
 bounds [0x000000000f010000, 0x000000000f7f0000, 0x000000001e010000]
 total_blobs=2111 nmethods=1847 adapters=178
 compilation: enabled

Compilation events (10 events):
Event: 16.135 Thread 0x0000000007785800 nmethod 2014% 0x000000000f7d97d0 code [0x000000000f7d9a20, 0x000000000f7dae68]
Event: 16.136 Thread 0x000000000777e800 2015       4       com.android.dx.ssa.DomFront::calcDomFronts (154 bytes)
Event: 16.139 Thread 0x0000000007785800 2016       4       com.android.dx.util.BitIntSet::merge (148 bytes)
Event: 16.155 Thread 0x0000000007785800 nmethod 2016 0x000000000f7b4850 code [0x000000000f7b49a0, 0x000000000f7b4c98]
Event: 16.155 Thread 0x0000000007785800 2017       4       com.android.dx.ssa.InterferenceRegisterMapper::addInterfence (62 bytes)
Event: 16.192 Thread 0x000000000777e800 nmethod 2015 0x000000000f7d8450 code [0x000000000f7d85e0, 0x000000000f7d8ef8]
Event: 16.235 Thread 0x0000000007785800 nmethod 2017 0x000000000f7ee1d0 code [0x000000000f7ee3a0, 0x000000000f7ef038]
Event: 16.237 Thread 0x000000000777e800 2018       4       java.util.ArrayList::clear (39 bytes)
Event: 16.242 Thread 0x000000000777e800 nmethod 2018 0x000000000f7b45d0 code [0x000000000f7b4700, 0x000000000f7b47d8]
Event: 16.245 Thread 0x0000000007785800 2019       4       com.android.dx.ssa.SCCP::replaceConstants (209 bytes)

GC Heap History (8 events):
Event: 2.824 GC heap before
{Heap before GC invocations=1 (full 0):
 PSYoungGen      total 18944K, used 16384K [0x00000000eab00000, 0x00000000ec000000, 0x0000000100000000)
  eden space 16384K, 100% used [0x00000000eab00000,0x00000000ebb00000,0x00000000ebb00000)
  from space 2560K, 0% used [0x00000000ebd80000,0x00000000ebd80000,0x00000000ec000000)
  to   space 2560K, 0% used [0x00000000ebb00000,0x00000000ebb00000,0x00000000ebd80000)
 ParOldGen       total 44032K, used 0K [0x00000000c0000000, 0x00000000c2b00000, 0x00000000eab00000)
  object space 44032K, 0% used [0x00000000c0000000,0x00000000c0000000,0x00000000c2b00000)
 Metaspace       used 5614K, capacity 6640K, committed 6784K, reserved 1056768K
  class space    used 582K, capacity 616K, committed 640K, reserved 1048576K
Event: 2.961 GC heap after
Heap after GC invocations=1 (full 0):
 PSYoungGen      total 18944K, used 2535K [0x00000000eab00000, 0x00000000ed000000, 0x0000000100000000)
  eden space 16384K, 0% used [0x00000000eab00000,0x00000000eab00000,0x00000000ebb00000)
  from space 2560K, 99% used [0x00000000ebb00000,0x00000000ebd79c88,0x00000000ebd80000)
  to   space 2560K, 0% used [0x00000000ecd80000,0x00000000ecd80000,0x00000000ed000000)
 ParOldGen       total 44032K, used 1339K [0x00000000c0000000, 0x00000000c2b00000, 0x00000000eab00000)
  object space 44032K, 3% used [0x00000000c0000000,0x00000000c014ef20,0x00000000c2b00000)
 Metaspace       used 5614K, capacity 6640K, committed 6784K, reserved 1056768K
  class space    used 582K, capacity 616K, committed 640K, reserved 1048576K
}
Event: 4.466 GC heap before
{Heap before GC invocations=2 (full 0):
 PSYoungGen      total 18944K, used 18919K [0x00000000eab00000, 0x00000000ed000000, 0x0000000100000000)
  eden space 16384K, 100% used [0x00000000eab00000,0x00000000ebb00000,0x00000000ebb00000)
  from space 2560K, 99% used [0x00000000ebb00000,0x00000000ebd79c88,0x00000000ebd80000)
  to   space 2560K, 0% used [0x00000000ecd80000,0x00000000ecd80000,0x00000000ed000000)
 ParOldGen       total 44032K, used 1339K [0x00000000c0000000, 0x00000000c2b00000, 0x00000000eab00000)
  object space 44032K, 3% used [0x00000000c0000000,0x00000000c014ef20,0x00000000c2b00000)
 Metaspace       used 5932K, capacity 6896K, committed 7040K, reserved 1056768K
  class space    used 589K, capacity 616K, committed 640K, reserved 1048576K
Event: 4.749 GC heap after
Heap after GC invocations=2 (full 0):
 PSYoungGen      total 35328K, used 2544K [0x00000000eab00000, 0x00000000ed000000, 0x0000000100000000)
  eden space 32768K, 0% used [0x00000000eab00000,0x00000000eab00000,0x00000000ecb00000)
  from space 2560K, 99% used [0x00000000ecd80000,0x00000000ecffc038,0x00000000ed000000)
  to   space 2560K, 0% used [0x00000000ecb00000,0x00000000ecb00000,0x00000000ecd80000)
 ParOldGen       total 44032K, used 3584K [0x00000000c0000000, 0x00000000c2b00000, 0x00000000eab00000)
  object space 44032K, 8% used [0x00000000c0000000,0x00000000c0380218,0x00000000c2b00000)
 Metaspace       used 5932K, capacity 6896K, committed 7040K, reserved 1056768K
  class space    used 589K, capacity 616K, committed 640K, reserved 1048576K
}
Event: 7.064 GC heap before
{Heap before GC invocations=3 (full 0):
 PSYoungGen      total 35328K, used 35312K [0x00000000eab00000, 0x00000000ed000000, 0x0000000100000000)
  eden space 32768K, 100% used [0x00000000eab00000,0x00000000ecb00000,0x00000000ecb00000)
  from space 2560K, 99% used [0x00000000ecd80000,0x00000000ecffc038,0x00000000ed000000)
  to   space 2560K, 0% used [0x00000000ecb00000,0x00000000ecb00000,0x00000000ecd80000)
 ParOldGen       total 44032K, used 3584K [0x00000000c0000000, 0x00000000c2b00000, 0x00000000eab00000)
  object space 44032K, 8% used [0x00000000c0000000,0x00000000c0380218,0x00000000c2b00000)
 Metaspace       used 6048K, capacity 7024K, committed 7296K, reserved 1056768K
  class space    used 591K, capacity 616K, committed 640K, reserved 1048576K
Event: 7.417 GC heap after
Heap after GC invocations=3 (full 0):
 PSYoungGen      total 35328K, used 2534K [0x00000000eab00000, 0x00000000ef000000, 0x0000000100000000)
  eden space 32768K, 0% used [0x00000000eab00000,0x00000000eab00000,0x00000000ecb00000)
  from space 2560K, 99% used [0x00000000ecb00000,0x00000000ecd79a58,0x00000000ecd80000)
  to   space 2560K, 0% used [0x00000000eed80000,0x00000000eed80000,0x00000000ef000000)
 ParOldGen       total 44032K, used 8800K [0x00000000c0000000, 0x00000000c2b00000, 0x00000000eab00000)
  object space 44032K, 19% used [0x00000000c0000000,0x00000000c08980b0,0x00000000c2b00000)
 Metaspace       used 6048K, capacity 7024K, committed 7296K, reserved 1056768K
  class space    used 591K, capacity 616K, committed 640K, reserved 1048576K
}
Event: 11.127 GC heap before
{Heap before GC invocations=4 (full 0):
 PSYoungGen      total 35328K, used 35302K [0x00000000eab00000, 0x00000000ef000000, 0x0000000100000000)
  eden space 32768K, 100% used [0x00000000eab00000,0x00000000ecb00000,0x00000000ecb00000)
  from space 2560K, 99% used [0x00000000ecb00000,0x00000000ecd79a58,0x00000000ecd80000)
  to   space 2560K, 0% used [0x00000000eed80000,0x00000000eed80000,0x00000000ef000000)
 ParOldGen       total 44032K, used 8800K [0x00000000c0000000, 0x00000000c2b00000, 0x00000000eab00000)
  object space 44032K, 19% used [0x00000000c0000000,0x00000000c08980b0,0x00000000c2b00000)
 Metaspace       used 6197K, capacity 7088K, committed 7296K, reserved 1056768K
  class space    used 591K, capacity 616K, committed 640K, reserved 1048576K
Event: 11.572 GC heap after
Heap after GC invocations=4 (full 0):
 PSYoungGen      total 68096K, used 2553K [0x00000000eab00000, 0x00000000ef000000, 0x0000000100000000)
  eden space 65536K, 0% used [0x00000000eab00000,0x00000000eab00000,0x00000000eeb00000)
  from space 2560K, 99% used [0x00000000eed80000,0x00000000eeffe410,0x00000000ef000000)
  to   space 2560K, 0% used [0x00000000eeb00000,0x00000000eeb00000,0x00000000eed80000)
 ParOldGen       total 44032K, used 13664K [0x00000000c0000000, 0x00000000c2b00000, 0x00000000eab00000)
  object space 44032K, 31% used [0x00000000c0000000,0x00000000c0d58258,0x00000000c2b00000)
 Metaspace       used 6197K, capacity 7088K, committed 7296K, reserved 1056768K
  class space    used 591K, capacity 616K, committed 640K, reserved 1048576K
}

Deoptimization events (10 events):
Event: 6.300 Thread 0x000000000969c000 Uncommon trap: reason=bimorphic action=maybe_recompile pc=0x000000000f243afc method=java.util.HashMap.getNode(ILjava/lang/Object;)Ljava/util/HashMap$Node; @ 126
Event: 6.300 Thread 0x000000000969c000 Uncommon trap: reason=class_check action=maybe_recompile pc=0x000000000f3fb1ec method=java.util.HashMap.putVal(ILjava/lang/Object;Ljava/lang/Object;ZZ)Ljava/lang/Object; @ 203
Event: 6.301 Thread 0x000000000969c000 Uncommon trap: reason=class_check action=maybe_recompile pc=0x000000000f3fb1ec method=java.util.HashMap.putVal(ILjava/lang/Object;Ljava/lang/Object;ZZ)Ljava/lang/Object; @ 203
Event: 9.230 Thread 0x000000000969b000 Uncommon trap: reason=bimorphic action=maybe_recompile pc=0x000000000f5e88ac method=com.android.dx.cf.code.BytecodeArray.parseInstruction(ILcom/android/dx/cf/code/BytecodeArray$Visitor;)I @ 1549
Event: 9.230 Thread 0x000000000969b000 Uncommon trap: reason=bimorphic action=maybe_recompile pc=0x000000000f5e88ac method=com.android.dx.cf.code.BytecodeArray.parseInstruction(ILcom/android/dx/cf/code/BytecodeArray$Visitor;)I @ 1549
Event: 9.232 Thread 0x000000000202e000 Uncommon trap: reason=unloaded action=reinterpret pc=0x000000000f5b6824 method=com.android.dx.cf.cst.ConstantPoolParser.parse0(ILjava/util/BitSet;)Lcom/android/dx/rop/cst/Constant; @ 220
Event: 9.240 Thread 0x000000000969b000 Uncommon trap: reason=null_check action=make_not_entrant pc=0x000000000f42d9f4 method=com.android.dx.ssa.SsaRenamer.getLocalForNewReg(I)Lcom/android/dx/rop/code/LocalItem; @ 19
Event: 9.479 Thread 0x000000000202e000 Uncommon trap: reason=class_check action=maybe_recompile pc=0x000000000f4011e8 method=java.util.HashMap.putVal(ILjava/lang/Object;Ljava/lang/Object;ZZ)Ljava/lang/Object; @ 203
Event: 15.214 Thread 0x000000000969e800 Uncommon trap: reason=bimorphic action=maybe_recompile pc=0x000000000f6b8f8c method=com.android.dx.cf.code.BytecodeArray.parseInstruction(ILcom/android/dx/cf/code/BytecodeArray$Visitor;)I @ 2484
Event: 15.214 Thread 0x000000000969e800 Uncommon trap: reason=bimorphic action=maybe_recompile pc=0x000000000f6b8f8c method=com.android.dx.cf.code.BytecodeArray.parseInstruction(ILcom/android/dx/cf/code/BytecodeArray$Visitor;)I @ 2484

Internal exceptions (10 events):
Event: 3.140 Thread 0x000000000969b000 Exception <a 'java/security/PrivilegedActionException'> (0x00000000ead3c980) thrown at [D:\re\workspace\8-2-build-windows-amd64-cygwin\jdk8u25\1677\hotspot\src\share\vm\prims\jvm.cpp, line 1312]
Event: 3.142 Thread 0x000000000969b000 Exception <a 'java/security/PrivilegedActionException'> (0x00000000ead42190) thrown at [D:\re\workspace\8-2-build-windows-amd64-cygwin\jdk8u25\1677\hotspot\src\share\vm\prims\jvm.cpp, line 1312]
Event: 3.247 Thread 0x000000000969e800 Exception <a 'java/security/PrivilegedActionException'> (0x00000000eac26bf8) thrown at [D:\re\workspace\8-2-build-windows-amd64-cygwin\jdk8u25\1677\hotspot\src\share\vm\prims\jvm.cpp, line 1312]
Event: 3.754 Thread 0x00000000097a8000 Exception <a 'java/security/PrivilegedActionException'> (0x00000000eadd5158) thrown at [D:\re\workspace\8-2-build-windows-amd64-cygwin\jdk8u25\1677\hotspot\src\share\vm\prims\jvm.cpp, line 1312]
Event: 3.837 Thread 0x000000000202e000 Exception <a 'java/security/PrivilegedActionException'> (0x00000000eb04fa20) thrown at [D:\re\workspace\8-2-build-windows-amd64-cygwin\jdk8u25\1677\hotspot\src\share\vm\prims\jvm.cpp, line 1312]
Event: 3.848 Thread 0x000000000969c000 Exception <a 'java/security/PrivilegedActionException'> (0x00000000eb040708) thrown at [D:\re\workspace\8-2-build-windows-amd64-cygwin\jdk8u25\1677\hotspot\src\share\vm\prims\jvm.cpp, line 1312]
Event: 3.930 Thread 0x000000000969b000 Implicit null exception at 0x000000000f33bc92 to 0x000000000f33bd82
Event: 6.044 Thread 0x000000000969c000 Exception <a 'java/security/PrivilegedActionException'> (0x00000000eb0d9858) thrown at [D:\re\workspace\8-2-build-windows-amd64-cygwin\jdk8u25\1677\hotspot\src\share\vm\prims\jvm.cpp, line 1312]
Event: 9.240 Thread 0x000000000969b000 Implicit null exception at 0x000000000f42c505 to 0x000000000f42d9d9
Event: 10.810 Thread 0x000000000969e800 Exception <a 'java/security/PrivilegedActionException'> (0x00000000ec8b88f8) thrown at [D:\re\workspace\8-2-build-windows-amd64-cygwin\jdk8u25\1677\hotspot\src\share\vm\prims\jvm.cpp, line 1312]

Events (10 events):
Event: 15.528 Thread 0x00000000097a8000 DEOPT UNPACKING pc=0x000000000f0571bf sp=0x0000000009fae490 mode 0
Event: 15.539 Thread 0x00000000097a8000 DEOPT PACKING pc=0x000000000f3c3c2d sp=0x0000000009fae790
Event: 15.539 Thread 0x00000000097a8000 DEOPT UNPACKING pc=0x000000000f0571bf sp=0x0000000009fae530 mode 0
Event: 15.541 loading class java/util/HashMap$KeySet
Event: 15.542 loading class java/util/HashMap$KeySet done
Event: 15.543 loading class java/util/HashMap$KeyIterator
Event: 15.543 loading class java/util/HashMap$KeyIterator done
Event: 15.544 Thread 0x000000000969e800 Thread exited: 0x000000000969e800
Event: 15.545 Thread 0x00000000097a8000 Thread exited: 0x00000000097a8000
Event: 15.546 Thread 0x000000000969b000 Thread exited: 0x000000000969b000


Dynamic libraries:
0x000000013fa70000 - 0x000000013faa4000 	C:\Program Files\Java\jdk1.8.0_25\bin\java.exe
0x0000000076d70000 - 0x0000000076f19000 	C:\Windows\SYSTEM32\ntdll.dll
0x0000000076b50000 - 0x0000000076c6f000 	C:\Windows\system32\kernel32.dll
0x000007fefcb40000 - 0x000007fefcbac000 	C:\Windows\system32\KERNELBASE.dll
0x000007fefd4d0000 - 0x000007fefd5ab000 	C:\Windows\system32\ADVAPI32.dll
0x000007fefd400000 - 0x000007fefd49f000 	C:\Windows\system32\msvcrt.dll
0x000007fefda40000 - 0x000007fefda5f000 	C:\Windows\SYSTEM32\sechost.dll
0x000007fefd900000 - 0x000007fefda2d000 	C:\Windows\system32\RPCRT4.dll
0x0000000076c70000 - 0x0000000076d6a000 	C:\Windows\system32\USER32.dll
0x000007fefed70000 - 0x000007fefedd7000 	C:\Windows\system32\GDI32.dll
0x000007fefd790000 - 0x000007fefd79e000 	C:\Windows\system32\LPK.dll
0x000007fefddb0000 - 0x000007fefde7a000 	C:\Windows\system32\USP10.dll
0x000007fefaa20000 - 0x000007fefac14000 	C:\Windows\WinSxS\amd64_microsoft.windows.common-controls_6595b64144ccf1df_6.0.7601.18837_none_fa3b1e3d17594757\COMCTL32.dll
0x000007fefecf0000 - 0x000007fefed61000 	C:\Windows\system32\SHLWAPI.dll
0x000007fefd4a0000 - 0x000007fefd4ce000 	C:\Windows\system32\IMM32.DLL
0x000007fefede0000 - 0x000007fefeee9000 	C:\Windows\system32\MSCTF.dll
0x000007fefc9c0000 - 0x000007fefca72000 	C:\Windows\system32\Scdetour.dll
0x000000000f000000 - 0x000000000f006000 	C:\Windows\system32\detoured.dll
0x0000000076f30000 - 0x0000000076f37000 	C:\Windows\system32\PSAPI.DLL
0x0000000069640000 - 0x0000000069712000 	C:\Program Files\Java\jdk1.8.0_25\jre\bin\msvcr100.dll
0x0000000069dd0000 - 0x000000006a62a000 	C:\Program Files\Java\jdk1.8.0_25\jre\bin\server\jvm.dll
0x000007fef9400000 - 0x000007fef9409000 	C:\Windows\system32\WSOCK32.dll
0x000007fefd1a0000 - 0x000007fefd1ed000 	C:\Windows\system32\WS2_32.dll
0x000007fefda30000 - 0x000007fefda38000 	C:\Windows\system32\NSI.dll
0x000007fefa2c0000 - 0x000007fefa2fb000 	C:\Windows\system32\WINMM.dll
0x0000000072610000 - 0x000000007261f000 	C:\Program Files\Java\jdk1.8.0_25\jre\bin\verify.dll
0x0000000069cc0000 - 0x0000000069ce8000 	C:\Program Files\Java\jdk1.8.0_25\jre\bin\java.dll
0x0000000069ca0000 - 0x0000000069cb6000 	C:\Program Files\Java\jdk1.8.0_25\jre\bin\zip.dll
0x000007fefdf60000 - 0x000007fefece9000 	C:\Windows\system32\SHELL32.dll
0x000007fefd1f0000 - 0x000007fefd3f3000 	C:\Windows\system32\ole32.dll
0x000007fefcb20000 - 0x000007fefcb2f000 	C:\Windows\system32\profapi.dll

VM Arguments:
jvm_args: -Djava.awt.headless=true -Xmx1024M -Dfile.encoding=windows-1252 -Duser.country=US -Duser.language=en -Duser.variant 
java_command: com.android.dx.command.Main --dex --force-jumbo --num-threads=4 --multi-dex --output C:\Users\Sumit\AndroidStudioProjects\Apple\app\build\intermediates\transforms\dex\debug\folders\1000\10\com.android.support-design-23.1.1_3eb64b2d858640d0c0cb21d3fb9f1a4c3f9d13c9 C:\Users\Sumit\AndroidStudioProjects\Apple\app\build\intermediates\exploded-aar\com.android.support\design\23.1.1\jars\classes.jar
java_class_path (initial): C:\Users\Sumit\AppData\Local\Android\sdk1\build-tools\23.0.2\lib\dx.jar
Launcher Type: SUN_STANDARD

Environment Variables:
JAVA_HOME=C:\Program Files\Java\jdk1.8.0_25
PATH=C:\ProgramData\Oracle\Java\javapath;C:\Windows\system32;C:\Windows;C:\Windows\System32\Wbem;C:\Windows\System32\WindowsPowerShell\v1.0\;C:\Program Files\Intel\WiFi\bin\;C:\Program Files\Common Files\Intel\WirelessCommon\;C:\Program Files (x86)\Common Files\lenovo\easyplussdk\bin
USERNAME=Sumit
OS=Windows_NT
PROCESSOR_IDENTIFIER=Intel64 Family 6 Model 30 Stepping 5, GenuineIntel



---------------  S Y S T E M  ---------------

OS: Windows 7 , 64 bit Build 7601 Service Pack 1

CPU:total 8 (4 cores per cpu, 2 threads per core) family 6 model 30 stepping 5, cmov, cx8, fxsr, mmx, sse, sse2, sse3, ssse3, sse4.1, sse4.2, popcnt, ht, tsc, tscinvbit

Memory: 4k page, physical 4127280k(483264k free), swap 5915684k(5032k free)

vm_info: Java HotSpot(TM) 64-Bit Server VM (25.25-b02) for windows-amd64 JRE (1.8.0_25-b18), built on Oct  7 2014 14:25:37 by "java_re" with MS VC++ 10.0 (VS2010)

time: Sun Jun 12 13:56:36 2016
elapsed time: 16 seconds (0d 0h 0m 16s)

