#
# There is insufficient memory for the Java Runtime Environment to continue.
# Native memory allocation (malloc) failed to allocate 626576 bytes for Chunk::new
# Possible reasons:
#   The system is out of physical RAM or swap space
#   In 32 bit mode, the process size limit was hit
# Possible solutions:
#   Reduce memory load on the system
#   Increase physical memory or swap space
#   Check if swap backing store is full
#   Use 64 bit Java on a 64 bit OS
#   Decrease Java heap size (-Xmx/-Xms)
#   Decrease number of Java threads
#   Decrease Java thread stack sizes (-Xss)
#   Set larger code cache with -XX:ReservedCodeCacheSize=
# This output file may be truncated or incomplete.
#
#  Out of Memory Error (allocation.cpp:390), pid=6204, tid=7744
#
# JRE version: Java(TM) SE Runtime Environment (8.0_25-b18) (build 1.8.0_25-b18)
# Java VM: Java HotSpot(TM) 64-Bit Server VM (25.25-b02 mixed mode windows-amd64 compressed oops)
# Failed to write core dump. Minidumps are not enabled by default on client versions of Windows
#

---------------  T H R E A D  ---------------

Current thread (0x0000000007640800):  JavaThread "C2 CompilerThread0" daemon [_thread_in_native, id=7744, stack(0x0000000008e80000,0x0000000008f80000)]

Stack: [0x0000000008e80000,0x0000000008f80000]
Native frames: (J=compiled Java code, j=interpreted, Vv=VM code, C=native code)
V  [jvm.dll+0x31667a]


Current CompileTask:
C2:   2244  651       4       com.android.dx.ssa.SsaBasicBlock::forEachInsn (37 bytes)


---------------  P R O C E S S  ---------------

Java Threads: ( => current thread )
  0x0000000007965000 JavaThread "pool-2-thread-4" [_thread_in_Java, id=7884, stack(0x000000000a330000,0x000000000a430000)]
  0x00000000094ad000 JavaThread "pool-2-thread-3" [_thread_in_Java, id=5200, stack(0x000000000a100000,0x000000000a200000)]
  0x00000000078e3800 JavaThread "pool-2-thread-2" [_thread_in_Java, id=5096, stack(0x0000000008540000,0x0000000008640000)]
  0x00000000078cf000 JavaThread "pool-3-thread-1" [_thread_blocked, id=6708, stack(0x0000000009eb0000,0x0000000009fb0000)]
  0x00000000078c6000 JavaThread "pool-2-thread-1" [_thread_blocked, id=5860, stack(0x0000000009db0000,0x0000000009eb0000)]
  0x00000000076bc800 JavaThread "Service Thread" daemon [_thread_blocked, id=7740, stack(0x0000000009240000,0x0000000009340000)]
  0x000000000766b800 JavaThread "C1 CompilerThread3" daemon [_thread_in_native, id=7692, stack(0x0000000008cf0000,0x0000000008df0000)]
  0x000000000764e800 JavaThread "C2 CompilerThread2" daemon [_thread_in_native, id=4840, stack(0x00000000090d0000,0x00000000091d0000)]
  0x0000000007647800 JavaThread "C2 CompilerThread1" daemon [_thread_in_native, id=4948, stack(0x0000000008fd0000,0x00000000090d0000)]
=>0x0000000007640800 JavaThread "C2 CompilerThread0" daemon [_thread_in_native, id=7744, stack(0x0000000008e80000,0x0000000008f80000)]
  0x000000000763d000 JavaThread "Attach Listener" daemon [_thread_blocked, id=7748, stack(0x0000000008a80000,0x0000000008b80000)]
  0x000000000763c000 JavaThread "Signal Dispatcher" daemon [_thread_blocked, id=7824, stack(0x0000000008bf0000,0x0000000008cf0000)]
  0x000000000647b000 JavaThread "Finalizer" daemon [_thread_blocked, id=7816, stack(0x0000000008950000,0x0000000008a50000)]
  0x00000000075f3000 JavaThread "Reference Handler" daemon [_thread_in_native, id=7812, stack(0x0000000008780000,0x0000000008880000)]
  0x000000000211e000 JavaThread "main" [_thread_in_Java, id=3372, stack(0x0000000002410000,0x0000000002510000)]

Other Threads:
  0x00000000075f1800 VMThread [stack: 0x0000000008670000,0x0000000008770000] [id=7800]
  0x00000000076d2000 WatcherThread [stack: 0x00000000093a0000,0x00000000094a0000] [id=6200]

VM state:not at safepoint (normal execution)

VM Mutex/Monitor currently owned by a thread: None

Heap:
 PSYoungGen      total 18944K, used 5190K [0x00000000eab00000, 0x00000000ed000000, 0x0000000100000000)
  eden space 16384K, 16% used [0x00000000eab00000,0x00000000ead97588,0x00000000ebb00000)
  from space 2560K, 99% used [0x00000000ebb00000,0x00000000ebd7a428,0x00000000ebd80000)
  to   space 2560K, 0% used [0x00000000ecd80000,0x00000000ecd80000,0x00000000ed000000)
 ParOldGen       total 44032K, used 1418K [0x00000000c0000000, 0x00000000c2b00000, 0x00000000eab00000)
  object space 44032K, 3% used [0x00000000c0000000,0x00000000c0162898,0x00000000c2b00000)
 Metaspace       used 5671K, capacity 6704K, committed 6784K, reserved 1056768K
  class space    used 586K, capacity 616K, committed 640K, reserved 1048576K

Card table byte_map: [0x0000000002ba0000,0x0000000002db0000] byte_map_base: 0x00000000025a0000

Marking Bits: (ParMarkBitMap*) 0x000000006a5ad490
 Begin Bits: [0x0000000003890000, 0x0000000004890000)
 End Bits:   [0x0000000004890000, 0x0000000005890000)

Polling page: 0x0000000000220000

CodeCache: size=245760Kb used=2732Kb max_used=2743Kb free=243027Kb
 bounds [0x000000000f010000, 0x000000000f2c0000, 0x000000001e010000]
 total_blobs=1001 nmethods=738 adapters=178
 compilation: enabled

Compilation events (10 events):
Event: 2.191 Thread 0x000000000766b800 nmethod 736 0x000000000f2a7450 code [0x000000000f2a75c0, 0x000000000f2a7868]
Event: 2.191 Thread 0x000000000766b800  739       3       com.android.dx.util.BitIntSet::iterator (9 bytes)
Event: 2.192 Thread 0x000000000766b800 nmethod 739 0x000000000f2a6ed0 code [0x000000000f2a7040, 0x000000000f2a7308]
Event: 2.192 Thread 0x000000000766b800  735       3       com.android.dx.ssa.SsaBasicBlock::exitBlockFixup (58 bytes)
Event: 2.193 Thread 0x000000000766b800 nmethod 735 0x000000000f2a67d0 code [0x000000000f2a6960, 0x000000000f2a6d48]
Event: 2.193 Thread 0x000000000766b800  662       3       com.android.dx.ssa.SsaRenamer::access$800 (6 bytes)
Event: 2.193 Thread 0x000000000766b800 nmethod 662 0x000000000f29cd10 code [0x000000000f29ce80, 0x000000000f29d070]
Event: 2.193 Thread 0x000000000766b800  663       3       com.android.dx.ssa.SsaRenamer::isBelowThresholdRegister (14 bytes)
Event: 2.193 Thread 0x000000000766b800 nmethod 663 0x000000000f2aff90 code [0x000000000f2b00e0, 0x000000000f2b0290]
Event: 2.194 Thread 0x000000000766b800  722       3       com.android.dx.dex.code.RopToDop::dopFor (792 bytes)

GC Heap History (2 events):
Event: 2.022 GC heap before
{Heap before GC invocations=1 (full 0):
 PSYoungGen      total 18944K, used 16384K [0x00000000eab00000, 0x00000000ec000000, 0x0000000100000000)
  eden space 16384K, 100% used [0x00000000eab00000,0x00000000ebb00000,0x00000000ebb00000)
  from space 2560K, 0% used [0x00000000ebd80000,0x00000000ebd80000,0x00000000ec000000)
  to   space 2560K, 0% used [0x00000000ebb00000,0x00000000ebb00000,0x00000000ebd80000)
 ParOldGen       total 44032K, used 0K [0x00000000c0000000, 0x00000000c2b00000, 0x00000000eab00000)
  object space 44032K, 0% used [0x00000000c0000000,0x00000000c0000000,0x00000000c2b00000)
 Metaspace       used 5562K, capacity 6576K, committed 6784K, reserved 1056768K
  class space    used 584K, capacity 616K, committed 640K, reserved 1048576K
Event: 2.149 GC heap after
Heap after GC invocations=1 (full 0):
 PSYoungGen      total 18944K, used 2537K [0x00000000eab00000, 0x00000000ed000000, 0x0000000100000000)
  eden space 16384K, 0% used [0x00000000eab00000,0x00000000eab00000,0x00000000ebb00000)
  from space 2560K, 99% used [0x00000000ebb00000,0x00000000ebd7a428,0x00000000ebd80000)
  to   space 2560K, 0% used [0x00000000ecd80000,0x00000000ecd80000,0x00000000ed000000)
 ParOldGen       total 44032K, used 1418K [0x00000000c0000000, 0x00000000c2b00000, 0x00000000eab00000)
  object space 44032K, 3% used [0x00000000c0000000,0x00000000c0162898,0x00000000c2b00000)
 Metaspace       used 5562K, capacity 6576K, committed 6784K, reserved 1056768K
  class space    used 584K, capacity 616K, committed 640K, reserved 1048576K
}

Deoptimization events (4 events):
Event: 1.863 Thread 0x00000000094ad000 Uncommon trap: reason=class_check action=maybe_recompile pc=0x000000000f2313a0 method=com.android.dx.ssa.NormalSsaInsn.accept(Lcom/android/dx/ssa/SsaInsn$Visitor;)V @ 9
Event: 1.863 Thread 0x00000000094ad000 Uncommon trap: reason=class_check action=maybe_recompile pc=0x000000000f2313a0 method=com.android.dx.ssa.NormalSsaInsn.accept(Lcom/android/dx/ssa/SsaInsn$Visitor;)V @ 9
Event: 1.863 Thread 0x00000000094ad000 Uncommon trap: reason=class_check action=maybe_recompile pc=0x000000000f2313a0 method=com.android.dx.ssa.NormalSsaInsn.accept(Lcom/android/dx/ssa/SsaInsn$Visitor;)V @ 9
Event: 1.863 Thread 0x00000000094ad000 Uncommon trap: reason=class_check action=maybe_recompile pc=0x000000000f2313a0 method=com.android.dx.ssa.NormalSsaInsn.accept(Lcom/android/dx/ssa/SsaInsn$Visitor;)V @ 9

Internal exceptions (10 events):
Event: 1.555 Thread 0x00000000094ad000 Exception <a 'java/security/PrivilegedActionException'> (0x00000000eb663ce0) thrown at [D:\re\workspace\8-2-build-windows-amd64-cygwin\jdk8u25\1677\hotspot\src\share\vm\prims\jvm.cpp, line 1312]
Event: 1.556 Thread 0x00000000094ad000 Exception <a 'java/security/PrivilegedActionException'> (0x00000000eb669238) thrown at [D:\re\workspace\8-2-build-windows-amd64-cygwin\jdk8u25\1677\hotspot\src\share\vm\prims\jvm.cpp, line 1312]
Event: 1.558 Thread 0x00000000078e3800 Exception <a 'java/security/PrivilegedActionException'> (0x00000000eb580d90) thrown at [D:\re\workspace\8-2-build-windows-amd64-cygwin\jdk8u25\1677\hotspot\src\share\vm\prims\jvm.cpp, line 1312]
Event: 1.569 Thread 0x00000000078e3800 Exception <a 'java/security/PrivilegedActionException'> (0x00000000eb58d5c8) thrown at [D:\re\workspace\8-2-build-windows-amd64-cygwin\jdk8u25\1677\hotspot\src\share\vm\prims\jvm.cpp, line 1312]
Event: 1.571 Thread 0x00000000094ad000 Exception <a 'java/security/PrivilegedActionException'> (0x00000000eb66cfe0) thrown at [D:\re\workspace\8-2-build-windows-amd64-cygwin\jdk8u25\1677\hotspot\src\share\vm\prims\jvm.cpp, line 1312]
Event: 1.575 Thread 0x00000000094ad000 Exception <a 'java/security/PrivilegedActionException'> (0x00000000eb6716d8) thrown at [D:\re\workspace\8-2-build-windows-amd64-cygwin\jdk8u25\1677\hotspot\src\share\vm\prims\jvm.cpp, line 1312]
Event: 1.694 Thread 0x00000000094ad000 Exception <a 'java/security/PrivilegedActionException'> (0x00000000eb6b78d0) thrown at [D:\re\workspace\8-2-build-windows-amd64-cygwin\jdk8u25\1677\hotspot\src\share\vm\prims\jvm.cpp, line 1312]
Event: 1.701 Thread 0x00000000094ad000 Exception <a 'java/security/PrivilegedActionException'> (0x00000000eb6bdc88) thrown at [D:\re\workspace\8-2-build-windows-amd64-cygwin\jdk8u25\1677\hotspot\src\share\vm\prims\jvm.cpp, line 1312]
Event: 1.743 Thread 0x00000000078c6000 Exception <a 'java/security/PrivilegedActionException'> (0x00000000eb807db8) thrown at [D:\re\workspace\8-2-build-windows-amd64-cygwin\jdk8u25\1677\hotspot\src\share\vm\prims\jvm.cpp, line 1312]
Event: 1.848 Thread 0x00000000094ad000 Exception <a 'java/security/PrivilegedActionException'> (0x00000000eb6d8c38) thrown at [D:\re\workspace\8-2-build-windows-amd64-cygwin\jdk8u25\1677\hotspot\src\share\vm\prims\jvm.cpp, line 1312]

Events (10 events):
Event: 1.863 Thread 0x00000000094ad000 Uncommon trap: trap_request=0xffffffde fr.pc=0x000000000f2313a0
Event: 1.863 Thread 0x00000000094ad000 DEOPT PACKING pc=0x000000000f2313a0 sp=0x000000000a1fe8b0
Event: 1.863 Thread 0x00000000094ad000 DEOPT UNPACKING pc=0x000000000f05556a sp=0x000000000a1fe840 mode 2
Event: 1.863 Thread 0x00000000094ad000 Uncommon trap: trap_request=0xffffffde fr.pc=0x000000000f2313a0
Event: 1.863 Thread 0x00000000094ad000 DEOPT PACKING pc=0x000000000f2313a0 sp=0x000000000a1fe8b0
Event: 1.863 Thread 0x00000000094ad000 DEOPT UNPACKING pc=0x000000000f05556a sp=0x000000000a1fe840 mode 2
Event: 2.022 Executing VM operation: ParallelGCFailedAllocation
Event: 2.149 Executing VM operation: ParallelGCFailedAllocation done
Event: 2.185 loading class java/util/DualPivotQuicksort
Event: 2.186 loading class java/util/DualPivotQuicksort done


Dynamic libraries:
0x000000013fa70000 - 0x000000013faa4000 	C:\Program Files\Java\jdk1.8.0_25\bin\java.exe
0x0000000076d70000 - 0x0000000076f19000 	C:\Windows\SYSTEM32\ntdll.dll
0x0000000076b50000 - 0x0000000076c6f000 	C:\Windows\system32\kernel32.dll
0x000007fefcb40000 - 0x000007fefcbac000 	C:\Windows\system32\KERNELBASE.dll
0x000007fefd4d0000 - 0x000007fefd5ab000 	C:\Windows\system32\ADVAPI32.dll
0x000007fefd400000 - 0x000007fefd49f000 	C:\Windows\system32\msvcrt.dll
0x000007fefda40000 - 0x000007fefda5f000 	C:\Windows\SYSTEM32\sechost.dll
0x000007fefd900000 - 0x000007fefda2d000 	C:\Windows\system32\RPCRT4.dll
0x0000000076c70000 - 0x0000000076d6a000 	C:\Windows\system32\USER32.dll
0x000007fefed70000 - 0x000007fefedd7000 	C:\Windows\system32\GDI32.dll
0x000007fefd790000 - 0x000007fefd79e000 	C:\Windows\system32\LPK.dll
0x000007fefddb0000 - 0x000007fefde7a000 	C:\Windows\system32\USP10.dll
0x000007fefaa20000 - 0x000007fefac14000 	C:\Windows\WinSxS\amd64_microsoft.windows.common-controls_6595b64144ccf1df_6.0.7601.18837_none_fa3b1e3d17594757\COMCTL32.dll
0x000007fefecf0000 - 0x000007fefed61000 	C:\Windows\system32\SHLWAPI.dll
0x000007fefd4a0000 - 0x000007fefd4ce000 	C:\Windows\system32\IMM32.DLL
0x000007fefede0000 - 0x000007fefeee9000 	C:\Windows\system32\MSCTF.dll
0x000007fefc9c0000 - 0x000007fefca72000 	C:\Windows\system32\Scdetour.dll
0x000000000f000000 - 0x000000000f006000 	C:\Windows\system32\detoured.dll
0x0000000076f30000 - 0x0000000076f37000 	C:\Windows\system32\PSAPI.DLL
0x0000000069640000 - 0x0000000069712000 	C:\Program Files\Java\jdk1.8.0_25\jre\bin\msvcr100.dll
0x0000000069dd0000 - 0x000000006a62a000 	C:\Program Files\Java\jdk1.8.0_25\jre\bin\server\jvm.dll
0x000007fef9400000 - 0x000007fef9409000 	C:\Windows\system32\WSOCK32.dll
0x000007fefd1a0000 - 0x000007fefd1ed000 	C:\Windows\system32\WS2_32.dll
0x000007fefda30000 - 0x000007fefda38000 	C:\Windows\system32\NSI.dll
0x000007fefa2c0000 - 0x000007fefa2fb000 	C:\Windows\system32\WINMM.dll
0x0000000072610000 - 0x000000007261f000 	C:\Program Files\Java\jdk1.8.0_25\jre\bin\verify.dll
0x0000000069cc0000 - 0x0000000069ce8000 	C:\Program Files\Java\jdk1.8.0_25\jre\bin\java.dll
0x0000000069ca0000 - 0x0000000069cb6000 	C:\Program Files\Java\jdk1.8.0_25\jre\bin\zip.dll
0x000007fefdf60000 - 0x000007fefece9000 	C:\Windows\system32\SHELL32.dll
0x000007fefd1f0000 - 0x000007fefd3f3000 	C:\Windows\system32\ole32.dll
0x000007fefcb20000 - 0x000007fefcb2f000 	C:\Windows\system32\profapi.dll

VM Arguments:
jvm_args: -Djava.awt.headless=true -Xmx1024M -Dfile.encoding=windows-1252 -Duser.country=US -Duser.language=en -Duser.variant 
java_command: com.android.dx.command.Main --dex --force-jumbo --num-threads=4 --multi-dex --output C:\Users\Sumit\AndroidStudioProjects\Apple\app\build\intermediates\transforms\dex\debug\folders\1000\10\gson-2.6.1_44444fb08ac27707eeba6ae0e1700f544214d4f0 C:\Users\Sumit\.gradle\caches\modules-2\files-2.1\com.google.code.gson\gson\2.6.1\b9d63507329a7178e026fc334f87587ee5070ac5\gson-2.6.1.jar
java_class_path (initial): C:\Users\Sumit\AppData\Local\Android\sdk1\build-tools\23.0.2\lib\dx.jar
Launcher Type: SUN_STANDARD

Environment Variables:
JAVA_HOME=C:\Program Files\Java\jdk1.8.0_25
PATH=C:\ProgramData\Oracle\Java\javapath;C:\Windows\system32;C:\Windows;C:\Windows\System32\Wbem;C:\Windows\System32\WindowsPowerShell\v1.0\;C:\Program Files\Intel\WiFi\bin\;C:\Program Files\Common Files\Intel\WirelessCommon\;C:\Program Files (x86)\Common Files\lenovo\easyplussdk\bin
USERNAME=Sumit
OS=Windows_NT
PROCESSOR_IDENTIFIER=Intel64 Family 6 Model 30 Stepping 5, GenuineIntel



---------------  S Y S T E M  ---------------

OS: Windows 7 , 64 bit Build 7601 Service Pack 1

CPU:total 8 (4 cores per cpu, 2 threads per core) family 6 model 30 stepping 5, cmov, cx8, fxsr, mmx, sse, sse2, sse3, ssse3, sse4.1, sse4.2, popcnt, ht, tsc, tscinvbit

Memory: 4k page, physical 4127280k(542944k free), swap 5915684k(4972k free)

vm_info: Java HotSpot(TM) 64-Bit Server VM (25.25-b02) for windows-amd64 JRE (1.8.0_25-b18), built on Oct  7 2014 14:25:37 by "java_re" with MS VC++ 10.0 (VS2010)

time: Sun Jun 12 13:56:40 2016
elapsed time: 2 seconds (0d 0h 0m 2s)

